Arguments: 
  C:\Program Files\nodejs\node.exe C:\Users\DEY\AppData\Roaming\npm\node_modules\yarn\bin\yarn.js add babel-core babel-loader babel-polyfill babel-preset-es2015 babel-preset-latest --save-dev

PATH: 
  c:\gtk\bin;C:\Windows\system32;C:\Windows;C:\Windows\System32\Wbem;C:\Windows\System32\WindowsPowerShell\v1.0\;D:\Program Files\Git\cmd;c:\Program Files (x86)\Microsoft SQL Server\100\Tools\Binn\;c:\Program Files\Microsoft SQL Server\100\Tools\Binn\;c:\Program Files\Microsoft SQL Server\100\DTS\Binn\;C:\Program Files\nodejs\;C:\Users\DEY\AppData\Roaming\npm;D:\android-sdk-windows\tools；D:\android-sdk-windows\platform-tools;C:\Users\DEY\AppData\Local\Programs\Python\Python35\Scripts\;C:\Users\DEY\AppData\Local\Programs\Python\Python35\;C:\Users\DEY\AppData\Roaming\npm；D:\apache-ant-1.10.1-bin\apache-ant-1.10.1；D:\apache-ant-1.10.1-bin\apache-ant-1.10.1\bin；D:\apache-ant-1.10.1-bin\apache-ant-1.10.1\lib;C:\Users\DEY\AppData\Roaming\npm

Yarn version: 
  1.6.0

Node version: 
  10.8.0

Platform: 
  win32 x64

Trace: 
  Error: ENOENT: no such file or directory, copyfile 'C:\Users\DEY\AppData\Local\Yarn\Cache\v1\npm-inherits-2.0.1-b17d08d326b4423e568eff719f91b0b1cbdf69f1\inherits.js' -> 'D:\Design Patterns\node_modules\assert\node_modules\inherits\inherits.js'

npm manifest: 
  {
    "name": "yoke",
    "version": "1.0.0",
    "description": "",
    "main": "index.js",
    "scripts": {
      "test": "echo \"Error: no test specified\" && exit 1",
      "dev": "webpack-dev-server --config ./webpack.dev.config.js --mode development"
    },
    "author": "",
    "license": "ISC",
    "devDependencies": {
      "html-webpack-plugin": "^3.2.0",
      "webpack": "^4.20.2",
      "webpack-cli": "^3.1.1",
      "webpack-dev-server": "^3.1.9"
    }
  }

yarn manifest: 
  No manifest

Lockfile: 
  No lockfile
